<?xml version="1.0" encoding="UTF-8"?>
<testng-results ignored="0" total="1" passed="1" failed="0" skipped="0">
  <reporter-output>
  </reporter-output>
  <suite started-at="2024-12-16T13:33:16 IST" name="Default suite" finished-at="2024-12-16T13:33:17 IST" duration-ms="70">
    <groups>
    </groups>
    <test started-at="2024-12-16T13:33:16 IST" name="Default test" finished-at="2024-12-16T13:33:17 IST" duration-ms="70">
      <class name="practice.Debasnata">
        <test-method signature="exact_Name()[pri:0, instance:practice.Debasnata@56620197]" started-at="2024-12-16T13:33:17 IST" name="exact_Name" finished-at="2024-12-16T13:33:17 IST" duration-ms="26" status="PASS">
          <reporter-output>
          </reporter-output>
        </test-method> <!-- exact_Name -->
      </class> <!-- practice.Debasnata -->
    </test> <!-- Default test -->
  </suite> <!-- Default suite -->
</testng-results>
